<?xml version="1.0" encoding="UTF-8"?>
<coverage generated="1667153718345" clover="3.2.0">
  <project timestamp="1667153718345" name="All files">
    <metrics statements="11" coveredstatements="10" conditionals="0" coveredconditionals="0" methods="5" coveredmethods="4" elements="16" coveredelements="14" complexity="0" loc="11" ncloc="11" packages="1" files="5" classes="5"/>
    <file name="apple.js" path="/Users/hesham/Documents/Repos/Noroff/Coursework/Workflow/module-3/module-3-workflow/day-1/end/js/apple.js">
      <metrics statements="0" coveredstatements="0" conditionals="0" coveredconditionals="0" methods="0" coveredmethods="0"/>
    </file>
    <file name="cloneArray.js" path="/Users/hesham/Documents/Repos/Noroff/Coursework/Workflow/module-3/module-3-workflow/day-1/end/js/cloneArray.js">
      <metrics statements="2" coveredstatements="2" conditionals="0" coveredconditionals="0" methods="1" coveredmethods="1"/>
      <line num="2" count="1" type="stmt"/>
      <line num="8" count="1" type="stmt"/>
    </file>
    <file name="getAlbums.js" path="/Users/hesham/Documents/Repos/Noroff/Coursework/Workflow/module-3/module-3-workflow/day-1/end/js/getAlbums.js">
      <metrics statements="4" coveredstatements="4" conditionals="0" coveredconditionals="0" methods="1" coveredmethods="1"/>
      <line num="1" count="1" type="stmt"/>
      <line num="4" count="1" type="stmt"/>
      <line num="5" count="1" type="stmt"/>
      <line num="8" count="1" type="stmt"/>
    </file>
    <file name="subtract.js" path="/Users/hesham/Documents/Repos/Noroff/Coursework/Workflow/module-3/module-3-workflow/day-1/end/js/subtract.js">
      <metrics statements="2" coveredstatements="2" conditionals="0" coveredconditionals="0" methods="1" coveredmethods="1"/>
      <line num="2" count="1" type="stmt"/>
      <line num="5" count="1" type="stmt"/>
    </file>
    <file name="sum.js" path="/Users/hesham/Documents/Repos/Noroff/Coursework/Workflow/module-3/module-3-workflow/day-1/end/js/sum.js">
      <metrics statements="3" coveredstatements="2" conditionals="0" coveredconditionals="0" methods="2" coveredmethods="1"/>
      <line num="3" count="1" type="stmt"/>
      <line num="7" count="0" type="stmt"/>
      <line num="12" count="1" type="stmt"/>
    </file>
  </project>
</coverage>
