{"/Users/hesham/Documents/Repos/Noroff/Coursework/Workflow/module-3/module-3-workflow/day-1/end/js/apple.js": {"path":"/Users/hesham/Documents/Repos/Noroff/Coursework/Workflow/module-3/module-3-workflow/day-1/end/js/apple.js","statementMap":{},"fnMap":{},"branchMap":{},"s":{},"f":{},"b":{},"_coverageSchema":"1a1c01bbd47fc00a2c39e90264f33305004495a9","hash":"8099427929188c7104cc6103e96ac6ae2df48c68"}
,"/Users/hesham/Documents/Repos/Noroff/Coursework/Workflow/module-3/module-3-workflow/day-1/end/js/cloneArray.js": {"path":"/Users/hesham/Documents/Repos/Noroff/Coursework/Workflow/module-3/module-3-workflow/day-1/end/js/cloneArray.js","statementMap":{"0":{"start":{"line":2,"column":4},"end":{"line":2,"column":20}},"1":{"start":{"line":8,"column":0},"end":{"line":8,"column":28}}},"fnMap":{"0":{"name":"cloneArray","decl":{"start":{"line":1,"column":9},"end":{"line":1,"column":19}},"loc":{"start":{"line":1,"column":25},"end":{"line":3,"column":1}},"line":1}},"branchMap":{},"s":{"0":1,"1":1},"f":{"0":1},"b":{},"_coverageSchema":"1a1c01bbd47fc00a2c39e90264f33305004495a9","hash":"fed4be9cef4c77820389fe7d905c5a3f2b770151"}
,"/Users/hesham/Documents/Repos/Noroff/Coursework/Workflow/module-3/module-3-workflow/day-1/end/js/getAlbums.js": {"path":"/Users/hesham/Documents/Repos/Noroff/Coursework/Workflow/module-3/module-3-workflow/day-1/end/js/getAlbums.js","statementMap":{"0":{"start":{"line":1,"column":14},"end":{"line":1,"column":30}},"1":{"start":{"line":4,"column":21},"end":{"line":4,"column":83}},"2":{"start":{"line":5,"column":4},"end":{"line":5,"column":34}},"3":{"start":{"line":8,"column":0},"end":{"line":8,"column":36}}},"fnMap":{"0":{"name":"getFirstAlbumTitle","decl":{"start":{"line":3,"column":15},"end":{"line":3,"column":33}},"loc":{"start":{"line":3,"column":36},"end":{"line":6,"column":1}},"line":3}},"branchMap":{},"s":{"0":1,"1":1,"2":1,"3":1},"f":{"0":1},"b":{},"_coverageSchema":"1a1c01bbd47fc00a2c39e90264f33305004495a9","hash":"6ae6c6fcddf72fe30c3326769769eebd91eb605d"}
,"/Users/hesham/Documents/Repos/Noroff/Coursework/Workflow/module-3/module-3-workflow/day-1/end/js/subtract.js": {"path":"/Users/hesham/Documents/Repos/Noroff/Coursework/Workflow/module-3/module-3-workflow/day-1/end/js/subtract.js","statementMap":{"0":{"start":{"line":2,"column":4},"end":{"line":2,"column":17}},"1":{"start":{"line":5,"column":0},"end":{"line":5,"column":26}}},"fnMap":{"0":{"name":"subtract","decl":{"start":{"line":1,"column":9},"end":{"line":1,"column":17}},"loc":{"start":{"line":1,"column":24},"end":{"line":3,"column":1}},"line":1}},"branchMap":{},"s":{"0":1,"1":1},"f":{"0":1},"b":{},"_coverageSchema":"1a1c01bbd47fc00a2c39e90264f33305004495a9","hash":"808c5a619f0ee09ffe0c9201f37f4673aec0beef"}
,"/Users/hesham/Documents/Repos/Noroff/Coursework/Workflow/module-3/module-3-workflow/day-1/end/js/sum.js": {"path":"/Users/hesham/Documents/Repos/Noroff/Coursework/Workflow/module-3/module-3-workflow/day-1/end/js/sum.js","statementMap":{"0":{"start":{"line":3,"column":4},"end":{"line":3,"column":17}},"1":{"start":{"line":7,"column":4},"end":{"line":7,"column":46}},"2":{"start":{"line":12,"column":0},"end":{"line":12,"column":21}}},"fnMap":{"0":{"name":"sum","decl":{"start":{"line":2,"column":9},"end":{"line":2,"column":12}},"loc":{"start":{"line":2,"column":19},"end":{"line":4,"column":1}},"line":2},"1":{"name":"helper","decl":{"start":{"line":6,"column":9},"end":{"line":6,"column":15}},"loc":{"start":{"line":6,"column":18},"end":{"line":8,"column":1}},"line":6}},"branchMap":{},"s":{"0":1,"1":0,"2":1},"f":{"0":1,"1":0},"b":{},"_coverageSchema":"1a1c01bbd47fc00a2c39e90264f33305004495a9","hash":"64c97f66a2110365662ab0a22985f73f0f694259"}
}
