TN:
SF:js/apple.js
FNF:0
FNH:0
LF:0
LH:0
BRF:0
BRH:0
end_of_record
TN:
SF:js/cloneArray.js
FN:1,cloneArray
FNF:1
FNH:1
FNDA:1,cloneArray
DA:2,1
DA:8,1
LF:2
LH:2
BRF:0
BRH:0
end_of_record
TN:
SF:js/getAlbums.js
FN:3,getFirstAlbumTitle
FNF:1
FNH:1
FNDA:1,getFirstAlbumTitle
DA:1,1
DA:4,1
DA:5,1
DA:8,1
LF:4
LH:4
BRF:0
BRH:0
end_of_record
TN:
SF:js/subtract.js
FN:1,subtract
FNF:1
FNH:1
FNDA:1,subtract
DA:2,1
DA:5,1
LF:2
LH:2
BRF:0
BRH:0
end_of_record
TN:
SF:js/sum.js
FN:2,sum
FN:6,helper
FNF:2
FNH:1
FNDA:1,sum
FNDA:0,helper
DA:3,1
DA:7,0
DA:12,1
LF:3
LH:2
BRF:0
BRH:0
end_of_record
